2023-03-05 09:48:36 [main] INFO  sk.stasko.config.server.ConfigServer - Starting ConfigServer using Java 18.0.2 on Jozefs-MacBook-Air.local with PID 79446 (/Users/jozef.stasko/Desktop/project/microservices.demo/config-server/target/classes started by jozef.stasko in /Users/jozef.stasko/Desktop/project/microservices.demo)
2023-03-05 09:48:36 [background-preinit] INFO  o.h.validator.internal.util.Version - HV000001: Hibernate Validator 6.2.5.Final
2023-03-05 09:48:36 [main] INFO  sk.stasko.config.server.ConfigServer - No active profile set, falling back to 1 default profile: "default"
2023-03-05 09:48:37 [main] INFO  o.s.cloud.context.scope.GenericScope - BeanFactory id=2bdec66a-5d26-31df-8947-d4f7c64ba9ec
2023-03-05 09:48:37 [main] INFO  o.s.b.w.e.tomcat.TomcatWebServer - Tomcat initialized with port(s): 8888 (http)
2023-03-05 09:48:37 [main] INFO  o.a.coyote.http11.Http11NioProtocol - Initializing ProtocolHandler ["http-nio-8888"]
2023-03-05 09:48:37 [main] INFO  o.a.catalina.core.StandardService - Starting service [Tomcat]
2023-03-05 09:48:37 [main] INFO  o.a.catalina.core.StandardEngine - Starting Servlet engine: [Apache Tomcat/9.0.68]
2023-03-05 09:48:37 [main] INFO  o.a.c.c.C.[Tomcat].[localhost].[/] - Initializing Spring embedded WebApplicationContext
2023-03-05 09:48:37 [main] INFO  o.s.b.w.s.c.ServletWebServerApplicationContext - Root WebApplicationContext: initialization completed in 623 ms
2023-03-05 09:48:37 [main] WARN  o.s.b.w.s.c.AnnotationConfigServletWebServerApplicationContext - Exception encountered during context initialization - cancelling refresh attempt: org.springframework.beans.factory.BeanCreationException: Error creating bean with name 'defaultEnvironmentRepository' defined in class path resource [org/springframework/cloud/config/server/config/DefaultRepositoryConfiguration.class]: Bean instantiation via factory method failed; nested exception is org.springframework.beans.BeanInstantiationException: Failed to instantiate [org.springframework.cloud.config.server.environment.MultipleJGitEnvironmentRepository]: Factory method 'defaultEnvironmentRepository' threw exception; nested exception is java.lang.SecurityException: class "org.eclipse.jgit.transport.JschConfigSessionFactory"'s signer information does not match signer information of other classes in the same package
2023-03-05 09:48:37 [main] INFO  o.a.catalina.core.StandardService - Stopping service [Tomcat]
2023-03-05 09:48:37 [main] INFO  o.s.b.a.l.ConditionEvaluationReportLoggingListener - 

Error starting ApplicationContext. To display the conditions report re-run your application with 'debug' enabled.
2023-03-05 09:48:37 [main] ERROR o.s.boot.SpringApplication - Application run failed
org.springframework.beans.factory.BeanCreationException: Error creating bean with name 'defaultEnvironmentRepository' defined in class path resource [org/springframework/cloud/config/server/config/DefaultRepositoryConfiguration.class]: Bean instantiation via factory method failed; nested exception is org.springframework.beans.BeanInstantiationException: Failed to instantiate [org.springframework.cloud.config.server.environment.MultipleJGitEnvironmentRepository]: Factory method 'defaultEnvironmentRepository' threw exception; nested exception is java.lang.SecurityException: class "org.eclipse.jgit.transport.JschConfigSessionFactory"'s signer information does not match signer information of other classes in the same package
	at org.springframework.beans.factory.support.ConstructorResolver.instantiate(ConstructorResolver.java:658)
	at org.springframework.beans.factory.support.ConstructorResolver.instantiateUsingFactoryMethod(ConstructorResolver.java:638)
	at org.springframework.beans.factory.support.AbstractAutowireCapableBeanFactory.instantiateUsingFactoryMethod(AbstractAutowireCapableBeanFactory.java:1352)
	at org.springframework.beans.factory.support.AbstractAutowireCapableBeanFactory.createBeanInstance(AbstractAutowireCapableBeanFactory.java:1195)
	at org.springframework.beans.factory.support.AbstractAutowireCapableBeanFactory.doCreateBean(AbstractAutowireCapableBeanFactory.java:582)
	at org.springframework.beans.factory.support.AbstractAutowireCapableBeanFactory.createBean(AbstractAutowireCapableBeanFactory.java:542)
	at org.springframework.beans.factory.support.AbstractBeanFactory.lambda$doGetBean$0(AbstractBeanFactory.java:335)
	at org.springframework.beans.factory.support.DefaultSingletonBeanRegistry.getSingleton(DefaultSingletonBeanRegistry.java:234)
	at org.springframework.beans.factory.support.AbstractBeanFactory.doGetBean(AbstractBeanFactory.java:333)
	at org.springframework.beans.factory.support.AbstractBeanFactory.getBean(AbstractBeanFactory.java:208)
	at org.springframework.beans.factory.support.DefaultListableBeanFactory.preInstantiateSingletons(DefaultListableBeanFactory.java:955)
	at org.springframework.context.support.AbstractApplicationContext.finishBeanFactoryInitialization(AbstractApplicationContext.java:918)
	at org.springframework.context.support.AbstractApplicationContext.refresh(AbstractApplicationContext.java:583)
	at org.springframework.boot.web.servlet.context.ServletWebServerApplicationContext.refresh(ServletWebServerApplicationContext.java:147)
	at org.springframework.boot.SpringApplication.refresh(SpringApplication.java:734)
	at org.springframework.boot.SpringApplication.refreshContext(SpringApplication.java:408)
	at org.springframework.boot.SpringApplication.run(SpringApplication.java:308)
	at org.springframework.boot.SpringApplication.run(SpringApplication.java:1306)
	at org.springframework.boot.SpringApplication.run(SpringApplication.java:1295)
	at sk.stasko.config.server.ConfigServer.main(ConfigServer.java:11)
Caused by: org.springframework.beans.BeanInstantiationException: Failed to instantiate [org.springframework.cloud.config.server.environment.MultipleJGitEnvironmentRepository]: Factory method 'defaultEnvironmentRepository' threw exception; nested exception is java.lang.SecurityException: class "org.eclipse.jgit.transport.JschConfigSessionFactory"'s signer information does not match signer information of other classes in the same package
	at org.springframework.beans.factory.support.SimpleInstantiationStrategy.instantiate(SimpleInstantiationStrategy.java:185)
	at org.springframework.beans.factory.support.ConstructorResolver.instantiate(ConstructorResolver.java:653)
	... 19 common frames omitted
Caused by: java.lang.SecurityException: class "org.eclipse.jgit.transport.JschConfigSessionFactory"'s signer information does not match signer information of other classes in the same package
	at java.base/java.lang.ClassLoader.checkCerts(ClassLoader.java:1159)
	at java.base/java.lang.ClassLoader.preDefineClass(ClassLoader.java:903)
	at java.base/java.lang.ClassLoader.defineClass(ClassLoader.java:1011)
	at java.base/java.security.SecureClassLoader.defineClass(SecureClassLoader.java:150)
	at java.base/jdk.internal.loader.BuiltinClassLoader.defineClass(BuiltinClassLoader.java:862)
	at java.base/jdk.internal.loader.BuiltinClassLoader.findClassOnClassPathOrNull(BuiltinClassLoader.java:760)
	at java.base/jdk.internal.loader.BuiltinClassLoader.loadClassOrNull(BuiltinClassLoader.java:681)
	at java.base/jdk.internal.loader.BuiltinClassLoader.loadClass(BuiltinClassLoader.java:639)
	at java.base/jdk.internal.loader.ClassLoaders$AppClassLoader.loadClass(ClassLoaders.java:188)
	at java.base/java.lang.ClassLoader.loadClass(ClassLoader.java:521)
	at java.base/java.lang.ClassLoader.defineClass1(Native Method)
	at java.base/java.lang.ClassLoader.defineClass(ClassLoader.java:1013)
	at java.base/java.security.SecureClassLoader.defineClass(SecureClassLoader.java:150)
	at java.base/jdk.internal.loader.BuiltinClassLoader.defineClass(BuiltinClassLoader.java:862)
	at java.base/jdk.internal.loader.BuiltinClassLoader.findClassOnClassPathOrNull(BuiltinClassLoader.java:760)
	at java.base/jdk.internal.loader.BuiltinClassLoader.loadClassOrNull(BuiltinClassLoader.java:681)
	at java.base/jdk.internal.loader.BuiltinClassLoader.loadClass(BuiltinClassLoader.java:639)
	at java.base/jdk.internal.loader.ClassLoaders$AppClassLoader.loadClass(ClassLoaders.java:188)
	at java.base/java.lang.ClassLoader.loadClass(ClassLoader.java:521)
	at org.springframework.cloud.config.server.environment.MultipleJGitEnvironmentRepositoryFactory.build(MultipleJGitEnvironmentRepositoryFactory.java:78)
	at org.springframework.cloud.config.server.config.DefaultRepositoryConfiguration.defaultEnvironmentRepository(EnvironmentRepositoryConfiguration.java:379)
	at java.base/jdk.internal.reflect.DirectMethodHandleAccessor.invoke(DirectMethodHandleAccessor.java:104)
	at java.base/java.lang.reflect.Method.invoke(Method.java:577)
	at org.springframework.beans.factory.support.SimpleInstantiationStrategy.instantiate(SimpleInstantiationStrategy.java:154)
	... 20 common frames omitted
2023-03-05 09:48:57 [background-preinit] INFO  o.h.validator.internal.util.Version - HV000001: Hibernate Validator 6.2.5.Final
2023-03-05 09:48:57 [main] INFO  sk.stasko.config.server.ConfigServer - Starting ConfigServer using Java 18.0.2 on Jozefs-MacBook-Air.local with PID 79470 (/Users/jozef.stasko/Desktop/project/microservices.demo/config-server/target/classes started by jozef.stasko in /Users/jozef.stasko/Desktop/project/microservices.demo)
2023-03-05 09:48:57 [main] INFO  sk.stasko.config.server.ConfigServer - No active profile set, falling back to 1 default profile: "default"
2023-03-05 09:48:57 [main] INFO  o.s.cloud.context.scope.GenericScope - BeanFactory id=2bdec66a-5d26-31df-8947-d4f7c64ba9ec
2023-03-05 09:48:57 [main] INFO  o.s.b.w.e.tomcat.TomcatWebServer - Tomcat initialized with port(s): 8888 (http)
2023-03-05 09:48:57 [main] INFO  o.a.coyote.http11.Http11NioProtocol - Initializing ProtocolHandler ["http-nio-8888"]
2023-03-05 09:48:57 [main] INFO  o.a.catalina.core.StandardService - Starting service [Tomcat]
2023-03-05 09:48:57 [main] INFO  o.a.catalina.core.StandardEngine - Starting Servlet engine: [Apache Tomcat/9.0.68]
2023-03-05 09:48:57 [main] INFO  o.a.c.c.C.[Tomcat].[localhost].[/] - Initializing Spring embedded WebApplicationContext
2023-03-05 09:48:57 [main] INFO  o.s.b.w.s.c.ServletWebServerApplicationContext - Root WebApplicationContext: initialization completed in 618 ms
2023-03-05 09:48:57 [main] WARN  o.s.b.w.s.c.AnnotationConfigServletWebServerApplicationContext - Exception encountered during context initialization - cancelling refresh attempt: org.springframework.beans.factory.BeanCreationException: Error creating bean with name 'defaultEnvironmentRepository' defined in class path resource [org/springframework/cloud/config/server/config/DefaultRepositoryConfiguration.class]: Bean instantiation via factory method failed; nested exception is org.springframework.beans.BeanInstantiationException: Failed to instantiate [org.springframework.cloud.config.server.environment.MultipleJGitEnvironmentRepository]: Factory method 'defaultEnvironmentRepository' threw exception; nested exception is java.lang.SecurityException: class "org.eclipse.jgit.transport.JschConfigSessionFactory"'s signer information does not match signer information of other classes in the same package
2023-03-05 09:48:57 [main] INFO  o.a.catalina.core.StandardService - Stopping service [Tomcat]
2023-03-05 09:48:57 [main] INFO  o.s.b.a.l.ConditionEvaluationReportLoggingListener - 

Error starting ApplicationContext. To display the conditions report re-run your application with 'debug' enabled.
2023-03-05 09:48:58 [main] ERROR o.s.boot.SpringApplication - Application run failed
org.springframework.beans.factory.BeanCreationException: Error creating bean with name 'defaultEnvironmentRepository' defined in class path resource [org/springframework/cloud/config/server/config/DefaultRepositoryConfiguration.class]: Bean instantiation via factory method failed; nested exception is org.springframework.beans.BeanInstantiationException: Failed to instantiate [org.springframework.cloud.config.server.environment.MultipleJGitEnvironmentRepository]: Factory method 'defaultEnvironmentRepository' threw exception; nested exception is java.lang.SecurityException: class "org.eclipse.jgit.transport.JschConfigSessionFactory"'s signer information does not match signer information of other classes in the same package
	at org.springframework.beans.factory.support.ConstructorResolver.instantiate(ConstructorResolver.java:658)
	at org.springframework.beans.factory.support.ConstructorResolver.instantiateUsingFactoryMethod(ConstructorResolver.java:638)
	at org.springframework.beans.factory.support.AbstractAutowireCapableBeanFactory.instantiateUsingFactoryMethod(AbstractAutowireCapableBeanFactory.java:1352)
	at org.springframework.beans.factory.support.AbstractAutowireCapableBeanFactory.createBeanInstance(AbstractAutowireCapableBeanFactory.java:1195)
	at org.springframework.beans.factory.support.AbstractAutowireCapableBeanFactory.doCreateBean(AbstractAutowireCapableBeanFactory.java:582)
	at org.springframework.beans.factory.support.AbstractAutowireCapableBeanFactory.createBean(AbstractAutowireCapableBeanFactory.java:542)
	at org.springframework.beans.factory.support.AbstractBeanFactory.lambda$doGetBean$0(AbstractBeanFactory.java:335)
	at org.springframework.beans.factory.support.DefaultSingletonBeanRegistry.getSingleton(DefaultSingletonBeanRegistry.java:234)
	at org.springframework.beans.factory.support.AbstractBeanFactory.doGetBean(AbstractBeanFactory.java:333)
	at org.springframework.beans.factory.support.AbstractBeanFactory.getBean(AbstractBeanFactory.java:208)
	at org.springframework.beans.factory.support.DefaultListableBeanFactory.preInstantiateSingletons(DefaultListableBeanFactory.java:955)
	at org.springframework.context.support.AbstractApplicationContext.finishBeanFactoryInitialization(AbstractApplicationContext.java:918)
	at org.springframework.context.support.AbstractApplicationContext.refresh(AbstractApplicationContext.java:583)
	at org.springframework.boot.web.servlet.context.ServletWebServerApplicationContext.refresh(ServletWebServerApplicationContext.java:147)
	at org.springframework.boot.SpringApplication.refresh(SpringApplication.java:734)
	at org.springframework.boot.SpringApplication.refreshContext(SpringApplication.java:408)
	at org.springframework.boot.SpringApplication.run(SpringApplication.java:308)
	at org.springframework.boot.SpringApplication.run(SpringApplication.java:1306)
	at org.springframework.boot.SpringApplication.run(SpringApplication.java:1295)
	at sk.stasko.config.server.ConfigServer.main(ConfigServer.java:11)
Caused by: org.springframework.beans.BeanInstantiationException: Failed to instantiate [org.springframework.cloud.config.server.environment.MultipleJGitEnvironmentRepository]: Factory method 'defaultEnvironmentRepository' threw exception; nested exception is java.lang.SecurityException: class "org.eclipse.jgit.transport.JschConfigSessionFactory"'s signer information does not match signer information of other classes in the same package
	at org.springframework.beans.factory.support.SimpleInstantiationStrategy.instantiate(SimpleInstantiationStrategy.java:185)
	at org.springframework.beans.factory.support.ConstructorResolver.instantiate(ConstructorResolver.java:653)
	... 19 common frames omitted
Caused by: java.lang.SecurityException: class "org.eclipse.jgit.transport.JschConfigSessionFactory"'s signer information does not match signer information of other classes in the same package
	at java.base/java.lang.ClassLoader.checkCerts(ClassLoader.java:1159)
	at java.base/java.lang.ClassLoader.preDefineClass(ClassLoader.java:903)
	at java.base/java.lang.ClassLoader.defineClass(ClassLoader.java:1011)
	at java.base/java.security.SecureClassLoader.defineClass(SecureClassLoader.java:150)
	at java.base/jdk.internal.loader.BuiltinClassLoader.defineClass(BuiltinClassLoader.java:862)
	at java.base/jdk.internal.loader.BuiltinClassLoader.findClassOnClassPathOrNull(BuiltinClassLoader.java:760)
	at java.base/jdk.internal.loader.BuiltinClassLoader.loadClassOrNull(BuiltinClassLoader.java:681)
	at java.base/jdk.internal.loader.BuiltinClassLoader.loadClass(BuiltinClassLoader.java:639)
	at java.base/jdk.internal.loader.ClassLoaders$AppClassLoader.loadClass(ClassLoaders.java:188)
	at java.base/java.lang.ClassLoader.loadClass(ClassLoader.java:521)
	at java.base/java.lang.ClassLoader.defineClass1(Native Method)
	at java.base/java.lang.ClassLoader.defineClass(ClassLoader.java:1013)
	at java.base/java.security.SecureClassLoader.defineClass(SecureClassLoader.java:150)
	at java.base/jdk.internal.loader.BuiltinClassLoader.defineClass(BuiltinClassLoader.java:862)
	at java.base/jdk.internal.loader.BuiltinClassLoader.findClassOnClassPathOrNull(BuiltinClassLoader.java:760)
	at java.base/jdk.internal.loader.BuiltinClassLoader.loadClassOrNull(BuiltinClassLoader.java:681)
	at java.base/jdk.internal.loader.BuiltinClassLoader.loadClass(BuiltinClassLoader.java:639)
	at java.base/jdk.internal.loader.ClassLoaders$AppClassLoader.loadClass(ClassLoaders.java:188)
	at java.base/java.lang.ClassLoader.loadClass(ClassLoader.java:521)
	at org.springframework.cloud.config.server.environment.MultipleJGitEnvironmentRepositoryFactory.build(MultipleJGitEnvironmentRepositoryFactory.java:78)
	at org.springframework.cloud.config.server.config.DefaultRepositoryConfiguration.defaultEnvironmentRepository(EnvironmentRepositoryConfiguration.java:379)
	at java.base/jdk.internal.reflect.DirectMethodHandleAccessor.invoke(DirectMethodHandleAccessor.java:104)
	at java.base/java.lang.reflect.Method.invoke(Method.java:577)
	at org.springframework.beans.factory.support.SimpleInstantiationStrategy.instantiate(SimpleInstantiationStrategy.java:154)
	... 20 common frames omitted
2023-03-05 09:49:01 [background-preinit] INFO  o.h.validator.internal.util.Version - HV000001: Hibernate Validator 6.2.5.Final
2023-03-05 09:49:01 [main] INFO  sk.stasko.config.server.ConfigServer - Starting ConfigServer using Java 18.0.2 on Jozefs-MacBook-Air.local with PID 79480 (/Users/jozef.stasko/Desktop/project/microservices.demo/config-server/target/classes started by jozef.stasko in /Users/jozef.stasko/Desktop/project/microservices.demo)
2023-03-05 09:49:01 [main] INFO  sk.stasko.config.server.ConfigServer - No active profile set, falling back to 1 default profile: "default"
2023-03-05 09:49:01 [main] INFO  o.s.cloud.context.scope.GenericScope - BeanFactory id=2bdec66a-5d26-31df-8947-d4f7c64ba9ec
2023-03-05 09:49:02 [main] INFO  o.s.b.w.e.tomcat.TomcatWebServer - Tomcat initialized with port(s): 8888 (http)
2023-03-05 09:49:02 [main] INFO  o.a.coyote.http11.Http11NioProtocol - Initializing ProtocolHandler ["http-nio-8888"]
2023-03-05 09:49:02 [main] INFO  o.a.catalina.core.StandardService - Starting service [Tomcat]
2023-03-05 09:49:02 [main] INFO  o.a.catalina.core.StandardEngine - Starting Servlet engine: [Apache Tomcat/9.0.68]
2023-03-05 09:49:02 [main] INFO  o.a.c.c.C.[Tomcat].[localhost].[/] - Initializing Spring embedded WebApplicationContext
2023-03-05 09:49:02 [main] INFO  o.s.b.w.s.c.ServletWebServerApplicationContext - Root WebApplicationContext: initialization completed in 555 ms
2023-03-05 09:49:02 [main] WARN  o.s.b.w.s.c.AnnotationConfigServletWebServerApplicationContext - Exception encountered during context initialization - cancelling refresh attempt: org.springframework.beans.factory.BeanCreationException: Error creating bean with name 'defaultEnvironmentRepository' defined in class path resource [org/springframework/cloud/config/server/config/DefaultRepositoryConfiguration.class]: Bean instantiation via factory method failed; nested exception is org.springframework.beans.BeanInstantiationException: Failed to instantiate [org.springframework.cloud.config.server.environment.MultipleJGitEnvironmentRepository]: Factory method 'defaultEnvironmentRepository' threw exception; nested exception is java.lang.SecurityException: class "org.eclipse.jgit.transport.JschConfigSessionFactory"'s signer information does not match signer information of other classes in the same package
2023-03-05 09:49:02 [main] INFO  o.a.catalina.core.StandardService - Stopping service [Tomcat]
2023-03-05 09:49:02 [main] INFO  o.s.b.a.l.ConditionEvaluationReportLoggingListener - 

Error starting ApplicationContext. To display the conditions report re-run your application with 'debug' enabled.
2023-03-05 09:49:02 [main] ERROR o.s.boot.SpringApplication - Application run failed
org.springframework.beans.factory.BeanCreationException: Error creating bean with name 'defaultEnvironmentRepository' defined in class path resource [org/springframework/cloud/config/server/config/DefaultRepositoryConfiguration.class]: Bean instantiation via factory method failed; nested exception is org.springframework.beans.BeanInstantiationException: Failed to instantiate [org.springframework.cloud.config.server.environment.MultipleJGitEnvironmentRepository]: Factory method 'defaultEnvironmentRepository' threw exception; nested exception is java.lang.SecurityException: class "org.eclipse.jgit.transport.JschConfigSessionFactory"'s signer information does not match signer information of other classes in the same package
	at org.springframework.beans.factory.support.ConstructorResolver.instantiate(ConstructorResolver.java:658)
	at org.springframework.beans.factory.support.ConstructorResolver.instantiateUsingFactoryMethod(ConstructorResolver.java:638)
	at org.springframework.beans.factory.support.AbstractAutowireCapableBeanFactory.instantiateUsingFactoryMethod(AbstractAutowireCapableBeanFactory.java:1352)
	at org.springframework.beans.factory.support.AbstractAutowireCapableBeanFactory.createBeanInstance(AbstractAutowireCapableBeanFactory.java:1195)
	at org.springframework.beans.factory.support.AbstractAutowireCapableBeanFactory.doCreateBean(AbstractAutowireCapableBeanFactory.java:582)
	at org.springframework.beans.factory.support.AbstractAutowireCapableBeanFactory.createBean(AbstractAutowireCapableBeanFactory.java:542)
	at org.springframework.beans.factory.support.AbstractBeanFactory.lambda$doGetBean$0(AbstractBeanFactory.java:335)
	at org.springframework.beans.factory.support.DefaultSingletonBeanRegistry.getSingleton(DefaultSingletonBeanRegistry.java:234)
	at org.springframework.beans.factory.support.AbstractBeanFactory.doGetBean(AbstractBeanFactory.java:333)
	at org.springframework.beans.factory.support.AbstractBeanFactory.getBean(AbstractBeanFactory.java:208)
	at org.springframework.beans.factory.support.DefaultListableBeanFactory.preInstantiateSingletons(DefaultListableBeanFactory.java:955)
	at org.springframework.context.support.AbstractApplicationContext.finishBeanFactoryInitialization(AbstractApplicationContext.java:918)
	at org.springframework.context.support.AbstractApplicationContext.refresh(AbstractApplicationContext.java:583)
	at org.springframework.boot.web.servlet.context.ServletWebServerApplicationContext.refresh(ServletWebServerApplicationContext.java:147)
	at org.springframework.boot.SpringApplication.refresh(SpringApplication.java:734)
	at org.springframework.boot.SpringApplication.refreshContext(SpringApplication.java:408)
	at org.springframework.boot.SpringApplication.run(SpringApplication.java:308)
	at org.springframework.boot.SpringApplication.run(SpringApplication.java:1306)
	at org.springframework.boot.SpringApplication.run(SpringApplication.java:1295)
	at sk.stasko.config.server.ConfigServer.main(ConfigServer.java:11)
Caused by: org.springframework.beans.BeanInstantiationException: Failed to instantiate [org.springframework.cloud.config.server.environment.MultipleJGitEnvironmentRepository]: Factory method 'defaultEnvironmentRepository' threw exception; nested exception is java.lang.SecurityException: class "org.eclipse.jgit.transport.JschConfigSessionFactory"'s signer information does not match signer information of other classes in the same package
	at org.springframework.beans.factory.support.SimpleInstantiationStrategy.instantiate(SimpleInstantiationStrategy.java:185)
	at org.springframework.beans.factory.support.ConstructorResolver.instantiate(ConstructorResolver.java:653)
	... 19 common frames omitted
Caused by: java.lang.SecurityException: class "org.eclipse.jgit.transport.JschConfigSessionFactory"'s signer information does not match signer information of other classes in the same package
	at java.base/java.lang.ClassLoader.checkCerts(ClassLoader.java:1159)
	at java.base/java.lang.ClassLoader.preDefineClass(ClassLoader.java:903)
	at java.base/java.lang.ClassLoader.defineClass(ClassLoader.java:1011)
	at java.base/java.security.SecureClassLoader.defineClass(SecureClassLoader.java:150)
	at java.base/jdk.internal.loader.BuiltinClassLoader.defineClass(BuiltinClassLoader.java:862)
	at java.base/jdk.internal.loader.BuiltinClassLoader.findClassOnClassPathOrNull(BuiltinClassLoader.java:760)
	at java.base/jdk.internal.loader.BuiltinClassLoader.loadClassOrNull(BuiltinClassLoader.java:681)
	at java.base/jdk.internal.loader.BuiltinClassLoader.loadClass(BuiltinClassLoader.java:639)
	at java.base/jdk.internal.loader.ClassLoaders$AppClassLoader.loadClass(ClassLoaders.java:188)
	at java.base/java.lang.ClassLoader.loadClass(ClassLoader.java:521)
	at java.base/java.lang.ClassLoader.defineClass1(Native Method)
	at java.base/java.lang.ClassLoader.defineClass(ClassLoader.java:1013)
	at java.base/java.security.SecureClassLoader.defineClass(SecureClassLoader.java:150)
	at java.base/jdk.internal.loader.BuiltinClassLoader.defineClass(BuiltinClassLoader.java:862)
	at java.base/jdk.internal.loader.BuiltinClassLoader.findClassOnClassPathOrNull(BuiltinClassLoader.java:760)
	at java.base/jdk.internal.loader.BuiltinClassLoader.loadClassOrNull(BuiltinClassLoader.java:681)
	at java.base/jdk.internal.loader.BuiltinClassLoader.loadClass(BuiltinClassLoader.java:639)
	at java.base/jdk.internal.loader.ClassLoaders$AppClassLoader.loadClass(ClassLoaders.java:188)
	at java.base/java.lang.ClassLoader.loadClass(ClassLoader.java:521)
	at org.springframework.cloud.config.server.environment.MultipleJGitEnvironmentRepositoryFactory.build(MultipleJGitEnvironmentRepositoryFactory.java:78)
	at org.springframework.cloud.config.server.config.DefaultRepositoryConfiguration.defaultEnvironmentRepository(EnvironmentRepositoryConfiguration.java:379)
	at java.base/jdk.internal.reflect.DirectMethodHandleAccessor.invoke(DirectMethodHandleAccessor.java:104)
	at java.base/java.lang.reflect.Method.invoke(Method.java:577)
	at org.springframework.beans.factory.support.SimpleInstantiationStrategy.instantiate(SimpleInstantiationStrategy.java:154)
	... 20 common frames omitted
2023-03-05 09:51:34 [main] INFO  sk.stasko.config.server.ConfigServer - Starting ConfigServer using Java 18.0.2 on Jozefs-MacBook-Air.local with PID 79663 (/Users/jozef.stasko/Desktop/project/microservices.demo/config-server/target/classes started by jozef.stasko in /Users/jozef.stasko/Desktop/project/microservices.demo)
2023-03-05 09:51:34 [main] INFO  sk.stasko.config.server.ConfigServer - No active profile set, falling back to 1 default profile: "default"
2023-03-05 09:51:34 [background-preinit] INFO  o.h.validator.internal.util.Version - HV000001: Hibernate Validator 6.2.5.Final
2023-03-05 09:51:34 [main] INFO  o.s.cloud.context.scope.GenericScope - BeanFactory id=2bdec66a-5d26-31df-8947-d4f7c64ba9ec
2023-03-05 09:51:34 [main] INFO  o.s.b.w.e.tomcat.TomcatWebServer - Tomcat initialized with port(s): 8888 (http)
2023-03-05 09:51:34 [main] INFO  o.a.coyote.http11.Http11NioProtocol - Initializing ProtocolHandler ["http-nio-8888"]
2023-03-05 09:51:34 [main] INFO  o.a.catalina.core.StandardService - Starting service [Tomcat]
2023-03-05 09:51:34 [main] INFO  o.a.catalina.core.StandardEngine - Starting Servlet engine: [Apache Tomcat/9.0.68]
2023-03-05 09:51:34 [main] INFO  o.a.c.c.C.[Tomcat].[localhost].[/] - Initializing Spring embedded WebApplicationContext
2023-03-05 09:51:34 [main] INFO  o.s.b.w.s.c.ServletWebServerApplicationContext - Root WebApplicationContext: initialization completed in 562 ms
2023-03-05 09:51:35 [main] WARN  o.s.b.w.s.c.AnnotationConfigServletWebServerApplicationContext - Exception encountered during context initialization - cancelling refresh attempt: org.springframework.beans.factory.BeanCreationException: Error creating bean with name 'defaultEnvironmentRepository' defined in class path resource [org/springframework/cloud/config/server/config/DefaultRepositoryConfiguration.class]: Bean instantiation via factory method failed; nested exception is org.springframework.beans.BeanInstantiationException: Failed to instantiate [org.springframework.cloud.config.server.environment.MultipleJGitEnvironmentRepository]: Factory method 'defaultEnvironmentRepository' threw exception; nested exception is java.lang.SecurityException: class "org.eclipse.jgit.transport.JschConfigSessionFactory"'s signer information does not match signer information of other classes in the same package
2023-03-05 09:51:35 [main] INFO  o.a.catalina.core.StandardService - Stopping service [Tomcat]
2023-03-05 09:51:35 [main] INFO  o.s.b.a.l.ConditionEvaluationReportLoggingListener - 

Error starting ApplicationContext. To display the conditions report re-run your application with 'debug' enabled.
2023-03-05 09:51:35 [main] ERROR o.s.boot.SpringApplication - Application run failed
org.springframework.beans.factory.BeanCreationException: Error creating bean with name 'defaultEnvironmentRepository' defined in class path resource [org/springframework/cloud/config/server/config/DefaultRepositoryConfiguration.class]: Bean instantiation via factory method failed; nested exception is org.springframework.beans.BeanInstantiationException: Failed to instantiate [org.springframework.cloud.config.server.environment.MultipleJGitEnvironmentRepository]: Factory method 'defaultEnvironmentRepository' threw exception; nested exception is java.lang.SecurityException: class "org.eclipse.jgit.transport.JschConfigSessionFactory"'s signer information does not match signer information of other classes in the same package
	at org.springframework.beans.factory.support.ConstructorResolver.instantiate(ConstructorResolver.java:658)
	at org.springframework.beans.factory.support.ConstructorResolver.instantiateUsingFactoryMethod(ConstructorResolver.java:638)
	at org.springframework.beans.factory.support.AbstractAutowireCapableBeanFactory.instantiateUsingFactoryMethod(AbstractAutowireCapableBeanFactory.java:1352)
	at org.springframework.beans.factory.support.AbstractAutowireCapableBeanFactory.createBeanInstance(AbstractAutowireCapableBeanFactory.java:1195)
	at org.springframework.beans.factory.support.AbstractAutowireCapableBeanFactory.doCreateBean(AbstractAutowireCapableBeanFactory.java:582)
	at org.springframework.beans.factory.support.AbstractAutowireCapableBeanFactory.createBean(AbstractAutowireCapableBeanFactory.java:542)
	at org.springframework.beans.factory.support.AbstractBeanFactory.lambda$doGetBean$0(AbstractBeanFactory.java:335)
	at org.springframework.beans.factory.support.DefaultSingletonBeanRegistry.getSingleton(DefaultSingletonBeanRegistry.java:234)
	at org.springframework.beans.factory.support.AbstractBeanFactory.doGetBean(AbstractBeanFactory.java:333)
	at org.springframework.beans.factory.support.AbstractBeanFactory.getBean(AbstractBeanFactory.java:208)
	at org.springframework.beans.factory.support.DefaultListableBeanFactory.preInstantiateSingletons(DefaultListableBeanFactory.java:955)
	at org.springframework.context.support.AbstractApplicationContext.finishBeanFactoryInitialization(AbstractApplicationContext.java:918)
	at org.springframework.context.support.AbstractApplicationContext.refresh(AbstractApplicationContext.java:583)
	at org.springframework.boot.web.servlet.context.ServletWebServerApplicationContext.refresh(ServletWebServerApplicationContext.java:147)
	at org.springframework.boot.SpringApplication.refresh(SpringApplication.java:734)
	at org.springframework.boot.SpringApplication.refreshContext(SpringApplication.java:408)
	at org.springframework.boot.SpringApplication.run(SpringApplication.java:308)
	at org.springframework.boot.SpringApplication.run(SpringApplication.java:1306)
	at org.springframework.boot.SpringApplication.run(SpringApplication.java:1295)
	at sk.stasko.config.server.ConfigServer.main(ConfigServer.java:11)
Caused by: org.springframework.beans.BeanInstantiationException: Failed to instantiate [org.springframework.cloud.config.server.environment.MultipleJGitEnvironmentRepository]: Factory method 'defaultEnvironmentRepository' threw exception; nested exception is java.lang.SecurityException: class "org.eclipse.jgit.transport.JschConfigSessionFactory"'s signer information does not match signer information of other classes in the same package
	at org.springframework.beans.factory.support.SimpleInstantiationStrategy.instantiate(SimpleInstantiationStrategy.java:185)
	at org.springframework.beans.factory.support.ConstructorResolver.instantiate(ConstructorResolver.java:653)
	... 19 common frames omitted
Caused by: java.lang.SecurityException: class "org.eclipse.jgit.transport.JschConfigSessionFactory"'s signer information does not match signer information of other classes in the same package
	at java.base/java.lang.ClassLoader.checkCerts(ClassLoader.java:1159)
	at java.base/java.lang.ClassLoader.preDefineClass(ClassLoader.java:903)
	at java.base/java.lang.ClassLoader.defineClass(ClassLoader.java:1011)
	at java.base/java.security.SecureClassLoader.defineClass(SecureClassLoader.java:150)
	at java.base/jdk.internal.loader.BuiltinClassLoader.defineClass(BuiltinClassLoader.java:862)
	at java.base/jdk.internal.loader.BuiltinClassLoader.findClassOnClassPathOrNull(BuiltinClassLoader.java:760)
	at java.base/jdk.internal.loader.BuiltinClassLoader.loadClassOrNull(BuiltinClassLoader.java:681)
	at java.base/jdk.internal.loader.BuiltinClassLoader.loadClass(BuiltinClassLoader.java:639)
	at java.base/jdk.internal.loader.ClassLoaders$AppClassLoader.loadClass(ClassLoaders.java:188)
	at java.base/java.lang.ClassLoader.loadClass(ClassLoader.java:521)
	at java.base/java.lang.ClassLoader.defineClass1(Native Method)
	at java.base/java.lang.ClassLoader.defineClass(ClassLoader.java:1013)
	at java.base/java.security.SecureClassLoader.defineClass(SecureClassLoader.java:150)
	at java.base/jdk.internal.loader.BuiltinClassLoader.defineClass(BuiltinClassLoader.java:862)
	at java.base/jdk.internal.loader.BuiltinClassLoader.findClassOnClassPathOrNull(BuiltinClassLoader.java:760)
	at java.base/jdk.internal.loader.BuiltinClassLoader.loadClassOrNull(BuiltinClassLoader.java:681)
	at java.base/jdk.internal.loader.BuiltinClassLoader.loadClass(BuiltinClassLoader.java:639)
	at java.base/jdk.internal.loader.ClassLoaders$AppClassLoader.loadClass(ClassLoaders.java:188)
	at java.base/java.lang.ClassLoader.loadClass(ClassLoader.java:521)
	at org.springframework.cloud.config.server.environment.MultipleJGitEnvironmentRepositoryFactory.build(MultipleJGitEnvironmentRepositoryFactory.java:78)
	at org.springframework.cloud.config.server.config.DefaultRepositoryConfiguration.defaultEnvironmentRepository(EnvironmentRepositoryConfiguration.java:379)
	at java.base/jdk.internal.reflect.DirectMethodHandleAccessor.invoke(DirectMethodHandleAccessor.java:104)
	at java.base/java.lang.reflect.Method.invoke(Method.java:577)
	at org.springframework.beans.factory.support.SimpleInstantiationStrategy.instantiate(SimpleInstantiationStrategy.java:154)
	... 20 common frames omitted
2023-03-05 09:52:15 [background-preinit] INFO  o.h.validator.internal.util.Version - HV000001: Hibernate Validator 6.2.5.Final
2023-03-05 09:52:15 [main] INFO  sk.stasko.config.server.ConfigServer - Starting ConfigServer using Java 18.0.2 on Jozefs-MacBook-Air.local with PID 79714 (/Users/jozef.stasko/Desktop/project/microservices.demo/config-server/target/classes started by jozef.stasko in /Users/jozef.stasko/Desktop/project/microservices.demo)
2023-03-05 09:52:15 [main] INFO  sk.stasko.config.server.ConfigServer - No active profile set, falling back to 1 default profile: "default"
2023-03-05 09:52:16 [main] INFO  o.s.cloud.context.scope.GenericScope - BeanFactory id=2bdec66a-5d26-31df-8947-d4f7c64ba9ec
2023-03-05 09:52:16 [main] INFO  o.s.b.w.e.tomcat.TomcatWebServer - Tomcat initialized with port(s): 8888 (http)
2023-03-05 09:52:16 [main] INFO  o.a.coyote.http11.Http11NioProtocol - Initializing ProtocolHandler ["http-nio-8888"]
2023-03-05 09:52:16 [main] INFO  o.a.catalina.core.StandardService - Starting service [Tomcat]
2023-03-05 09:52:16 [main] INFO  o.a.catalina.core.StandardEngine - Starting Servlet engine: [Apache Tomcat/9.0.68]
2023-03-05 09:52:16 [main] INFO  o.a.c.c.C.[Tomcat].[localhost].[/] - Initializing Spring embedded WebApplicationContext
2023-03-05 09:52:16 [main] INFO  o.s.b.w.s.c.ServletWebServerApplicationContext - Root WebApplicationContext: initialization completed in 571 ms
2023-03-05 09:52:16 [main] WARN  o.s.b.w.s.c.AnnotationConfigServletWebServerApplicationContext - Exception encountered during context initialization - cancelling refresh attempt: org.springframework.beans.factory.BeanCreationException: Error creating bean with name 'defaultEnvironmentRepository' defined in class path resource [org/springframework/cloud/config/server/config/DefaultRepositoryConfiguration.class]: Bean instantiation via factory method failed; nested exception is org.springframework.beans.BeanInstantiationException: Failed to instantiate [org.springframework.cloud.config.server.environment.MultipleJGitEnvironmentRepository]: Factory method 'defaultEnvironmentRepository' threw exception; nested exception is java.lang.SecurityException: class "org.eclipse.jgit.transport.JschConfigSessionFactory"'s signer information does not match signer information of other classes in the same package
2023-03-05 09:52:16 [main] INFO  o.a.catalina.core.StandardService - Stopping service [Tomcat]
2023-03-05 09:52:16 [main] INFO  o.s.b.a.l.ConditionEvaluationReportLoggingListener - 

Error starting ApplicationContext. To display the conditions report re-run your application with 'debug' enabled.
2023-03-05 09:52:16 [main] ERROR o.s.boot.SpringApplication - Application run failed
org.springframework.beans.factory.BeanCreationException: Error creating bean with name 'defaultEnvironmentRepository' defined in class path resource [org/springframework/cloud/config/server/config/DefaultRepositoryConfiguration.class]: Bean instantiation via factory method failed; nested exception is org.springframework.beans.BeanInstantiationException: Failed to instantiate [org.springframework.cloud.config.server.environment.MultipleJGitEnvironmentRepository]: Factory method 'defaultEnvironmentRepository' threw exception; nested exception is java.lang.SecurityException: class "org.eclipse.jgit.transport.JschConfigSessionFactory"'s signer information does not match signer information of other classes in the same package
	at org.springframework.beans.factory.support.ConstructorResolver.instantiate(ConstructorResolver.java:658)
	at org.springframework.beans.factory.support.ConstructorResolver.instantiateUsingFactoryMethod(ConstructorResolver.java:638)
	at org.springframework.beans.factory.support.AbstractAutowireCapableBeanFactory.instantiateUsingFactoryMethod(AbstractAutowireCapableBeanFactory.java:1352)
	at org.springframework.beans.factory.support.AbstractAutowireCapableBeanFactory.createBeanInstance(AbstractAutowireCapableBeanFactory.java:1195)
	at org.springframework.beans.factory.support.AbstractAutowireCapableBeanFactory.doCreateBean(AbstractAutowireCapableBeanFactory.java:582)
	at org.springframework.beans.factory.support.AbstractAutowireCapableBeanFactory.createBean(AbstractAutowireCapableBeanFactory.java:542)
	at org.springframework.beans.factory.support.AbstractBeanFactory.lambda$doGetBean$0(AbstractBeanFactory.java:335)
	at org.springframework.beans.factory.support.DefaultSingletonBeanRegistry.getSingleton(DefaultSingletonBeanRegistry.java:234)
	at org.springframework.beans.factory.support.AbstractBeanFactory.doGetBean(AbstractBeanFactory.java:333)
	at org.springframework.beans.factory.support.AbstractBeanFactory.getBean(AbstractBeanFactory.java:208)
	at org.springframework.beans.factory.support.DefaultListableBeanFactory.preInstantiateSingletons(DefaultListableBeanFactory.java:955)
	at org.springframework.context.support.AbstractApplicationContext.finishBeanFactoryInitialization(AbstractApplicationContext.java:918)
	at org.springframework.context.support.AbstractApplicationContext.refresh(AbstractApplicationContext.java:583)
	at org.springframework.boot.web.servlet.context.ServletWebServerApplicationContext.refresh(ServletWebServerApplicationContext.java:147)
	at org.springframework.boot.SpringApplication.refresh(SpringApplication.java:734)
	at org.springframework.boot.SpringApplication.refreshContext(SpringApplication.java:408)
	at org.springframework.boot.SpringApplication.run(SpringApplication.java:308)
	at org.springframework.boot.SpringApplication.run(SpringApplication.java:1306)
	at org.springframework.boot.SpringApplication.run(SpringApplication.java:1295)
	at sk.stasko.config.server.ConfigServer.main(ConfigServer.java:11)
Caused by: org.springframework.beans.BeanInstantiationException: Failed to instantiate [org.springframework.cloud.config.server.environment.MultipleJGitEnvironmentRepository]: Factory method 'defaultEnvironmentRepository' threw exception; nested exception is java.lang.SecurityException: class "org.eclipse.jgit.transport.JschConfigSessionFactory"'s signer information does not match signer information of other classes in the same package
	at org.springframework.beans.factory.support.SimpleInstantiationStrategy.instantiate(SimpleInstantiationStrategy.java:185)
	at org.springframework.beans.factory.support.ConstructorResolver.instantiate(ConstructorResolver.java:653)
	... 19 common frames omitted
Caused by: java.lang.SecurityException: class "org.eclipse.jgit.transport.JschConfigSessionFactory"'s signer information does not match signer information of other classes in the same package
	at java.base/java.lang.ClassLoader.checkCerts(ClassLoader.java:1159)
	at java.base/java.lang.ClassLoader.preDefineClass(ClassLoader.java:903)
	at java.base/java.lang.ClassLoader.defineClass(ClassLoader.java:1011)
	at java.base/java.security.SecureClassLoader.defineClass(SecureClassLoader.java:150)
	at java.base/jdk.internal.loader.BuiltinClassLoader.defineClass(BuiltinClassLoader.java:862)
	at java.base/jdk.internal.loader.BuiltinClassLoader.findClassOnClassPathOrNull(BuiltinClassLoader.java:760)
	at java.base/jdk.internal.loader.BuiltinClassLoader.loadClassOrNull(BuiltinClassLoader.java:681)
	at java.base/jdk.internal.loader.BuiltinClassLoader.loadClass(BuiltinClassLoader.java:639)
	at java.base/jdk.internal.loader.ClassLoaders$AppClassLoader.loadClass(ClassLoaders.java:188)
	at java.base/java.lang.ClassLoader.loadClass(ClassLoader.java:521)
	at java.base/java.lang.ClassLoader.defineClass1(Native Method)
	at java.base/java.lang.ClassLoader.defineClass(ClassLoader.java:1013)
	at java.base/java.security.SecureClassLoader.defineClass(SecureClassLoader.java:150)
	at java.base/jdk.internal.loader.BuiltinClassLoader.defineClass(BuiltinClassLoader.java:862)
	at java.base/jdk.internal.loader.BuiltinClassLoader.findClassOnClassPathOrNull(BuiltinClassLoader.java:760)
	at java.base/jdk.internal.loader.BuiltinClassLoader.loadClassOrNull(BuiltinClassLoader.java:681)
	at java.base/jdk.internal.loader.BuiltinClassLoader.loadClass(BuiltinClassLoader.java:639)
	at java.base/jdk.internal.loader.ClassLoaders$AppClassLoader.loadClass(ClassLoaders.java:188)
	at java.base/java.lang.ClassLoader.loadClass(ClassLoader.java:521)
	at org.springframework.cloud.config.server.environment.MultipleJGitEnvironmentRepositoryFactory.build(MultipleJGitEnvironmentRepositoryFactory.java:78)
	at org.springframework.cloud.config.server.config.DefaultRepositoryConfiguration.defaultEnvironmentRepository(EnvironmentRepositoryConfiguration.java:379)
	at java.base/jdk.internal.reflect.DirectMethodHandleAccessor.invoke(DirectMethodHandleAccessor.java:104)
	at java.base/java.lang.reflect.Method.invoke(Method.java:577)
	at org.springframework.beans.factory.support.SimpleInstantiationStrategy.instantiate(SimpleInstantiationStrategy.java:154)
	... 20 common frames omitted
2023-03-05 09:54:55 [main] INFO  sk.stasko.config.server.ConfigServer - Starting ConfigServer using Java 18.0.2 on Jozefs-MacBook-Air.local with PID 79880 (/Users/jozef.stasko/Desktop/project/microservices.demo/config-server/target/classes started by jozef.stasko in /Users/jozef.stasko/Desktop/project/microservices.demo)
2023-03-05 09:54:55 [main] INFO  sk.stasko.config.server.ConfigServer - No active profile set, falling back to 1 default profile: "default"
2023-03-05 09:54:55 [background-preinit] INFO  o.h.validator.internal.util.Version - HV000001: Hibernate Validator 6.2.5.Final
2023-03-05 09:54:55 [main] INFO  o.s.cloud.context.scope.GenericScope - BeanFactory id=2bdec66a-5d26-31df-8947-d4f7c64ba9ec
2023-03-05 09:54:55 [main] INFO  o.s.b.w.e.tomcat.TomcatWebServer - Tomcat initialized with port(s): 8888 (http)
2023-03-05 09:54:55 [main] INFO  o.a.coyote.http11.Http11NioProtocol - Initializing ProtocolHandler ["http-nio-8888"]
2023-03-05 09:54:55 [main] INFO  o.a.catalina.core.StandardService - Starting service [Tomcat]
2023-03-05 09:54:55 [main] INFO  o.a.catalina.core.StandardEngine - Starting Servlet engine: [Apache Tomcat/9.0.68]
2023-03-05 09:54:55 [main] INFO  o.a.c.c.C.[Tomcat].[localhost].[/] - Initializing Spring embedded WebApplicationContext
2023-03-05 09:54:55 [main] INFO  o.s.b.w.s.c.ServletWebServerApplicationContext - Root WebApplicationContext: initialization completed in 565 ms
2023-03-05 09:54:56 [main] WARN  o.s.b.w.s.c.AnnotationConfigServletWebServerApplicationContext - Exception encountered during context initialization - cancelling refresh attempt: org.springframework.beans.factory.BeanCreationException: Error creating bean with name 'defaultEnvironmentRepository' defined in class path resource [org/springframework/cloud/config/server/config/DefaultRepositoryConfiguration.class]: Bean instantiation via factory method failed; nested exception is org.springframework.beans.BeanInstantiationException: Failed to instantiate [org.springframework.cloud.config.server.environment.MultipleJGitEnvironmentRepository]: Factory method 'defaultEnvironmentRepository' threw exception; nested exception is java.lang.SecurityException: class "org.eclipse.jgit.transport.JschConfigSessionFactory"'s signer information does not match signer information of other classes in the same package
2023-03-05 09:54:56 [main] INFO  o.a.catalina.core.StandardService - Stopping service [Tomcat]
2023-03-05 09:54:56 [main] INFO  o.s.b.a.l.ConditionEvaluationReportLoggingListener - 

Error starting ApplicationContext. To display the conditions report re-run your application with 'debug' enabled.
2023-03-05 09:54:56 [main] ERROR o.s.boot.SpringApplication - Application run failed
org.springframework.beans.factory.BeanCreationException: Error creating bean with name 'defaultEnvironmentRepository' defined in class path resource [org/springframework/cloud/config/server/config/DefaultRepositoryConfiguration.class]: Bean instantiation via factory method failed; nested exception is org.springframework.beans.BeanInstantiationException: Failed to instantiate [org.springframework.cloud.config.server.environment.MultipleJGitEnvironmentRepository]: Factory method 'defaultEnvironmentRepository' threw exception; nested exception is java.lang.SecurityException: class "org.eclipse.jgit.transport.JschConfigSessionFactory"'s signer information does not match signer information of other classes in the same package
	at org.springframework.beans.factory.support.ConstructorResolver.instantiate(ConstructorResolver.java:658)
	at org.springframework.beans.factory.support.ConstructorResolver.instantiateUsingFactoryMethod(ConstructorResolver.java:638)
	at org.springframework.beans.factory.support.AbstractAutowireCapableBeanFactory.instantiateUsingFactoryMethod(AbstractAutowireCapableBeanFactory.java:1352)
	at org.springframework.beans.factory.support.AbstractAutowireCapableBeanFactory.createBeanInstance(AbstractAutowireCapableBeanFactory.java:1195)
	at org.springframework.beans.factory.support.AbstractAutowireCapableBeanFactory.doCreateBean(AbstractAutowireCapableBeanFactory.java:582)
	at org.springframework.beans.factory.support.AbstractAutowireCapableBeanFactory.createBean(AbstractAutowireCapableBeanFactory.java:542)
	at org.springframework.beans.factory.support.AbstractBeanFactory.lambda$doGetBean$0(AbstractBeanFactory.java:335)
	at org.springframework.beans.factory.support.DefaultSingletonBeanRegistry.getSingleton(DefaultSingletonBeanRegistry.java:234)
	at org.springframework.beans.factory.support.AbstractBeanFactory.doGetBean(AbstractBeanFactory.java:333)
	at org.springframework.beans.factory.support.AbstractBeanFactory.getBean(AbstractBeanFactory.java:208)
	at org.springframework.beans.factory.support.DefaultListableBeanFactory.preInstantiateSingletons(DefaultListableBeanFactory.java:955)
	at org.springframework.context.support.AbstractApplicationContext.finishBeanFactoryInitialization(AbstractApplicationContext.java:918)
	at org.springframework.context.support.AbstractApplicationContext.refresh(AbstractApplicationContext.java:583)
	at org.springframework.boot.web.servlet.context.ServletWebServerApplicationContext.refresh(ServletWebServerApplicationContext.java:147)
	at org.springframework.boot.SpringApplication.refresh(SpringApplication.java:734)
	at org.springframework.boot.SpringApplication.refreshContext(SpringApplication.java:408)
	at org.springframework.boot.SpringApplication.run(SpringApplication.java:308)
	at org.springframework.boot.SpringApplication.run(SpringApplication.java:1306)
	at org.springframework.boot.SpringApplication.run(SpringApplication.java:1295)
	at sk.stasko.config.server.ConfigServer.main(ConfigServer.java:11)
Caused by: org.springframework.beans.BeanInstantiationException: Failed to instantiate [org.springframework.cloud.config.server.environment.MultipleJGitEnvironmentRepository]: Factory method 'defaultEnvironmentRepository' threw exception; nested exception is java.lang.SecurityException: class "org.eclipse.jgit.transport.JschConfigSessionFactory"'s signer information does not match signer information of other classes in the same package
	at org.springframework.beans.factory.support.SimpleInstantiationStrategy.instantiate(SimpleInstantiationStrategy.java:185)
	at org.springframework.beans.factory.support.ConstructorResolver.instantiate(ConstructorResolver.java:653)
	... 19 common frames omitted
Caused by: java.lang.SecurityException: class "org.eclipse.jgit.transport.JschConfigSessionFactory"'s signer information does not match signer information of other classes in the same package
	at java.base/java.lang.ClassLoader.checkCerts(ClassLoader.java:1159)
	at java.base/java.lang.ClassLoader.preDefineClass(ClassLoader.java:903)
	at java.base/java.lang.ClassLoader.defineClass(ClassLoader.java:1011)
	at java.base/java.security.SecureClassLoader.defineClass(SecureClassLoader.java:150)
	at java.base/jdk.internal.loader.BuiltinClassLoader.defineClass(BuiltinClassLoader.java:862)
	at java.base/jdk.internal.loader.BuiltinClassLoader.findClassOnClassPathOrNull(BuiltinClassLoader.java:760)
	at java.base/jdk.internal.loader.BuiltinClassLoader.loadClassOrNull(BuiltinClassLoader.java:681)
	at java.base/jdk.internal.loader.BuiltinClassLoader.loadClass(BuiltinClassLoader.java:639)
	at java.base/jdk.internal.loader.ClassLoaders$AppClassLoader.loadClass(ClassLoaders.java:188)
	at java.base/java.lang.ClassLoader.loadClass(ClassLoader.java:521)
	at java.base/java.lang.ClassLoader.defineClass1(Native Method)
	at java.base/java.lang.ClassLoader.defineClass(ClassLoader.java:1013)
	at java.base/java.security.SecureClassLoader.defineClass(SecureClassLoader.java:150)
	at java.base/jdk.internal.loader.BuiltinClassLoader.defineClass(BuiltinClassLoader.java:862)
	at java.base/jdk.internal.loader.BuiltinClassLoader.findClassOnClassPathOrNull(BuiltinClassLoader.java:760)
	at java.base/jdk.internal.loader.BuiltinClassLoader.loadClassOrNull(BuiltinClassLoader.java:681)
	at java.base/jdk.internal.loader.BuiltinClassLoader.loadClass(BuiltinClassLoader.java:639)
	at java.base/jdk.internal.loader.ClassLoaders$AppClassLoader.loadClass(ClassLoaders.java:188)
	at java.base/java.lang.ClassLoader.loadClass(ClassLoader.java:521)
	at org.springframework.cloud.config.server.environment.MultipleJGitEnvironmentRepositoryFactory.build(MultipleJGitEnvironmentRepositoryFactory.java:78)
	at org.springframework.cloud.config.server.config.DefaultRepositoryConfiguration.defaultEnvironmentRepository(EnvironmentRepositoryConfiguration.java:379)
	at java.base/jdk.internal.reflect.DirectMethodHandleAccessor.invoke(DirectMethodHandleAccessor.java:104)
	at java.base/java.lang.reflect.Method.invoke(Method.java:577)
	at org.springframework.beans.factory.support.SimpleInstantiationStrategy.instantiate(SimpleInstantiationStrategy.java:154)
	... 20 common frames omitted
2023-03-05 09:57:38 [background-preinit] INFO  o.h.validator.internal.util.Version - HV000001: Hibernate Validator 6.2.5.Final
2023-03-05 09:57:38 [main] INFO  sk.stasko.config.server.ConfigServer - Starting ConfigServer using Java 18.0.2 on Jozefs-MacBook-Air.local with PID 80047 (/Users/jozef.stasko/Desktop/project/microservices.demo/config-server/target/classes started by jozef.stasko in /Users/jozef.stasko/Desktop/project/microservices.demo)
2023-03-05 09:57:38 [main] INFO  sk.stasko.config.server.ConfigServer - The following 1 profile is active: "native"
2023-03-05 09:57:38 [main] INFO  o.s.cloud.context.scope.GenericScope - BeanFactory id=5556ba56-b1c0-32a6-a33e-9a8fab279ace
2023-03-05 09:57:39 [main] INFO  o.s.b.w.e.tomcat.TomcatWebServer - Tomcat initialized with port(s): 8888 (http)
2023-03-05 09:57:39 [main] INFO  o.a.coyote.http11.Http11NioProtocol - Initializing ProtocolHandler ["http-nio-8888"]
2023-03-05 09:57:39 [main] INFO  o.a.catalina.core.StandardService - Starting service [Tomcat]
2023-03-05 09:57:39 [main] INFO  o.a.catalina.core.StandardEngine - Starting Servlet engine: [Apache Tomcat/9.0.68]
2023-03-05 09:57:39 [main] INFO  o.a.c.c.C.[Tomcat].[localhost].[/] - Initializing Spring embedded WebApplicationContext
2023-03-05 09:57:39 [main] INFO  o.s.b.w.s.c.ServletWebServerApplicationContext - Root WebApplicationContext: initialization completed in 568 ms
2023-03-05 09:57:39 [main] INFO  o.a.coyote.http11.Http11NioProtocol - Starting ProtocolHandler ["http-nio-8888"]
2023-03-05 09:57:39 [main] INFO  o.s.b.w.e.tomcat.TomcatWebServer - Tomcat started on port(s): 8888 (http) with context path ''
2023-03-05 09:57:39 [main] INFO  sk.stasko.config.server.ConfigServer - Started ConfigServer in 1.1 seconds (JVM running for 1.358)
2023-03-05 09:57:56 [http-nio-8888-exec-1] INFO  o.a.c.c.C.[Tomcat].[localhost].[/] - Initializing Spring DispatcherServlet 'dispatcherServlet'
2023-03-05 09:57:56 [http-nio-8888-exec-1] INFO  o.s.web.servlet.DispatcherServlet - Initializing Servlet 'dispatcherServlet'
2023-03-05 09:57:56 [http-nio-8888-exec-1] INFO  o.s.web.servlet.DispatcherServlet - Completed initialization in 1 ms
2023-03-05 10:04:17 [background-preinit] INFO  o.h.validator.internal.util.Version - HV000001: Hibernate Validator 6.2.5.Final
2023-03-05 10:04:17 [main] INFO  sk.stasko.config.server.ConfigServer - Starting ConfigServer using Java 18.0.2 on Jozefs-MacBook-Air.local with PID 80452 (/Users/jozef.stasko/Desktop/project/microservices.demo/config-server/target/classes started by jozef.stasko in /Users/jozef.stasko/Desktop/project/microservices.demo)
2023-03-05 10:04:17 [main] INFO  sk.stasko.config.server.ConfigServer - The following 1 profile is active: "native"
2023-03-05 10:04:17 [main] INFO  o.s.cloud.context.scope.GenericScope - BeanFactory id=5556ba56-b1c0-32a6-a33e-9a8fab279ace
2023-03-05 10:04:18 [main] INFO  o.s.b.w.e.tomcat.TomcatWebServer - Tomcat initialized with port(s): 8888 (http)
2023-03-05 10:04:18 [main] INFO  o.a.coyote.http11.Http11NioProtocol - Initializing ProtocolHandler ["http-nio-8888"]
2023-03-05 10:04:18 [main] INFO  o.a.catalina.core.StandardService - Starting service [Tomcat]
2023-03-05 10:04:18 [main] INFO  o.a.catalina.core.StandardEngine - Starting Servlet engine: [Apache Tomcat/9.0.68]
2023-03-05 10:04:18 [main] INFO  o.a.c.c.C.[Tomcat].[localhost].[/] - Initializing Spring embedded WebApplicationContext
2023-03-05 10:04:18 [main] INFO  o.s.b.w.s.c.ServletWebServerApplicationContext - Root WebApplicationContext: initialization completed in 544 ms
2023-03-05 10:04:18 [main] INFO  o.a.coyote.http11.Http11NioProtocol - Starting ProtocolHandler ["http-nio-8888"]
2023-03-05 10:04:18 [main] INFO  o.s.b.w.e.tomcat.TomcatWebServer - Tomcat started on port(s): 8888 (http) with context path ''
2023-03-05 10:04:18 [main] INFO  sk.stasko.config.server.ConfigServer - Started ConfigServer in 1.067 seconds (JVM running for 1.312)
2023-03-05 10:04:42 [http-nio-8888-exec-1] INFO  o.a.c.c.C.[Tomcat].[localhost].[/] - Initializing Spring DispatcherServlet 'dispatcherServlet'
2023-03-05 10:04:42 [http-nio-8888-exec-1] INFO  o.s.web.servlet.DispatcherServlet - Initializing Servlet 'dispatcherServlet'
2023-03-05 10:04:42 [http-nio-8888-exec-1] INFO  o.s.web.servlet.DispatcherServlet - Completed initialization in 2 ms
